0 info it worked if it ends with ok
1 verbose cli [ '/Users/fdevjm/.nvm/versions/node/v6.10.3/bin/node',
1 verbose cli   '/Users/fdevjm/.nvm/versions/node/v6.10.3/bin/npm',
1 verbose cli   'run',
1 verbose cli   'sass' ]
2 info using npm@3.10.10
3 info using node@v6.10.3
4 verbose stack Error: Failed to parse json
4 verbose stack Unexpected token ' ' at 6:21
4 verbose stack     "sass": "^0.5.0
4 verbose stack                    ^
4 verbose stack     at parseError (/Users/fdevjm/.nvm/versions/node/v6.10.3/lib/node_modules/npm/node_modules/read-package-json/read-json.js:390:11)
4 verbose stack     at parseJson (/Users/fdevjm/.nvm/versions/node/v6.10.3/lib/node_modules/npm/node_modules/read-package-json/read-json.js:79:23)
4 verbose stack     at /Users/fdevjm/.nvm/versions/node/v6.10.3/lib/node_modules/npm/node_modules/read-package-json/read-json.js:48:5
4 verbose stack     at /Users/fdevjm/.nvm/versions/node/v6.10.3/lib/node_modules/npm/node_modules/graceful-fs/graceful-fs.js:78:16
4 verbose stack     at tryToString (fs.js:456:3)
4 verbose stack     at FSReqWrap.readFileAfterClose [as oncomplete] (fs.js:443:12)
5 verbose cwd /Users/fdevjm/Desktop/TIL/FDS04/youyu.com
6 error Darwin 16.6.0
7 error argv "/Users/fdevjm/.nvm/versions/node/v6.10.3/bin/node" "/Users/fdevjm/.nvm/versions/node/v6.10.3/bin/npm" "run" "sass"
8 error node v6.10.3
9 error npm  v3.10.10
10 error file /Users/fdevjm/Desktop/TIL/FDS04/youyu.com/package.json
11 error code EJSONPARSE
12 error Failed to parse json
12 error Unexpected token ' ' at 6:21
12 error     "sass": "^0.5.0
12 error                    ^
13 error File: /Users/fdevjm/Desktop/TIL/FDS04/youyu.com/package.json
14 error Failed to parse package.json data.
14 error package.json must be actual JSON, not just JavaScript.
14 error
14 error This is not a bug in npm.
14 error Tell the package author to fix their package.json file. JSON.parse
15 verbose exit [ 1, true ]
